0 info it worked if it ends with ok
1 verbose cli [ '/Users/maroel/.nvm/v6.4.0/bin/node',
1 verbose cli   '/Users/maroel/.nvm/v6.4.0/bin/npm',
1 verbose cli   'run',
1 verbose cli   'quickstart' ]
2 info using npm@3.10.3
3 info using node@v6.4.0
4 verbose run-script [ 'prequickstart', 'quickstart', 'postquickstart' ]
5 info lifecycle strava@1.0.0~prequickstart: strava@1.0.0
6 silly lifecycle strava@1.0.0~prequickstart: no script for prequickstart, continuing
7 info lifecycle strava@1.0.0~quickstart: strava@1.0.0
8 verbose lifecycle strava@1.0.0~quickstart: unsafe-perm in lifecycle true
9 verbose lifecycle strava@1.0.0~quickstart: PATH: /Users/maroel/.nvm/v6.4.0/lib/node_modules/npm/bin/node-gyp-bin:/Users/maroel/Documents/Private/strava/node_modules/.bin:/Users/maroel/.nvm/v6.4.0/bin:/Users/maroel/.nvm/v6.4.0/bin:/usr/local/bin:/usr/bin:/bin:/usr/sbin:/sbin
10 verbose lifecycle strava@1.0.0~quickstart: CWD: /Users/maroel/Documents/Private/strava
11 silly lifecycle strava@1.0.0~quickstart: Args: [ '-c', 'node ./quickstart.js' ]
12 silly lifecycle strava@1.0.0~quickstart: Returned: code: 1  signal: null
13 info lifecycle strava@1.0.0~quickstart: Failed to exec quickstart script
14 verbose stack Error: strava@1.0.0 quickstart: `node ./quickstart.js`
14 verbose stack Exit status 1
14 verbose stack     at EventEmitter.<anonymous> (/Users/maroel/.nvm/v6.4.0/lib/node_modules/npm/lib/utils/lifecycle.js:242:16)
14 verbose stack     at emitTwo (events.js:106:13)
14 verbose stack     at EventEmitter.emit (events.js:191:7)
14 verbose stack     at ChildProcess.<anonymous> (/Users/maroel/.nvm/v6.4.0/lib/node_modules/npm/lib/utils/spawn.js:40:14)
14 verbose stack     at emitTwo (events.js:106:13)
14 verbose stack     at ChildProcess.emit (events.js:191:7)
14 verbose stack     at maybeClose (internal/child_process.js:852:16)
14 verbose stack     at Process.ChildProcess._handle.onexit (internal/child_process.js:215:5)
15 verbose pkgid strava@1.0.0
16 verbose cwd /Users/maroel/Documents/Private/strava
17 error Darwin 15.5.0
18 error argv "/Users/maroel/.nvm/v6.4.0/bin/node" "/Users/maroel/.nvm/v6.4.0/bin/npm" "run" "quickstart"
19 error node v6.4.0
20 error npm  v3.10.3
21 error code ELIFECYCLE
22 error strava@1.0.0 quickstart: `node ./quickstart.js`
22 error Exit status 1
23 error Failed at the strava@1.0.0 quickstart script 'node ./quickstart.js'.
23 error Make sure you have the latest version of node.js and npm installed.
23 error If you do, this is most likely a problem with the strava package,
23 error not with npm itself.
23 error Tell the author that this fails on your system:
23 error     node ./quickstart.js
23 error You can get information on how to open an issue for this project with:
23 error     npm bugs strava
23 error Or if that isn't available, you can get their info via:
23 error     npm owner ls strava
23 error There is likely additional logging output above.
24 verbose exit [ 1, true ]
